0 info it worked if it ends with ok
1 verbose cli [ '/usr/local/Cellar/node/7.4.0/bin/node',
1 verbose cli   '/Users/marc/.npm/bin/npm',
1 verbose cli   'start' ]
2 info using npm@4.0.5
3 info using node@v7.4.0
4 verbose stack Error: missing script: start
4 verbose stack     at run (/Users/marc/.npm/lib/node_modules/npm/lib/run-script.js:151:19)
4 verbose stack     at /Users/marc/.npm/lib/node_modules/npm/lib/run-script.js:61:5
4 verbose stack     at /Users/marc/.npm/lib/node_modules/npm/node_modules/read-package-json/read-json.js:356:5
4 verbose stack     at checkBinReferences_ (/Users/marc/.npm/lib/node_modules/npm/node_modules/read-package-json/read-json.js:320:45)
4 verbose stack     at final (/Users/marc/.npm/lib/node_modules/npm/node_modules/read-package-json/read-json.js:354:3)
4 verbose stack     at then (/Users/marc/.npm/lib/node_modules/npm/node_modules/read-package-json/read-json.js:124:5)
4 verbose stack     at ReadFileContext.<anonymous> (/Users/marc/.npm/lib/node_modules/npm/node_modules/read-package-json/read-json.js:295:20)
4 verbose stack     at ReadFileContext.callback (/Users/marc/.npm/lib/node_modules/npm/node_modules/graceful-fs/graceful-fs.js:78:16)
4 verbose stack     at FSReqWrap.readFileAfterOpen [as oncomplete] (fs.js:336:13)
5 verbose cwd /Users/marc/testo/video-annotate/flickcard
6 error Darwin 14.5.0
7 error argv "/usr/local/Cellar/node/7.4.0/bin/node" "/Users/marc/.npm/bin/npm" "start"
8 error node v7.4.0
9 error npm  v4.0.5
10 error missing script: start
11 error If you need help, you may report this error at:
11 error     <https://github.com/npm/npm/issues>
12 verbose exit [ 1, true ]
